============================= test session starts =============================
platform win32 -- Python 3.13.7, pytest-8.3.5, pluggy-1.6.0 -- D:\VINUNI_AI2026\LABS\Day13-K4-2A202601862\.venv\Scripts\python.exe
cachedir: .pytest_cache
rootdir: D:\VINUNI_AI2026\LABS\Day13-K4-2A202601862
plugins: anyio-4.14.2
collecting ... collected 22 items

tests/test_agent_prompt_trace.py::test_agent_links_prompt_version_to_trace_and_generation PASSED [  4%]
tests/test_challenge_config.py::ChallengeConfigTests::test_explicit_practice_incident_does_not_require_release_file PASSED [  9%]
tests/test_challenge_config.py::ChallengeConfigTests::test_missing_challenge_explains_that_coach_has_not_released_it PASSED [ 13%]
tests/test_challenge_config.py::ChallengeConfigTests::test_official_incident_comes_from_release_file PASSED [ 18%]
tests/test_challenge_config.py::ChallengeConfigTests::test_query_order_is_deterministic_for_the_released_seed PASSED [ 22%]
tests/test_challenge_config.py::ChallengeConfigTests::test_unknown_incident_is_rejected PASSED [ 27%]
tests/test_challenge_config.py::ChallengeConfigTests::test_valid_challenge_is_loaded PASSED [ 31%]
tests/test_chat_observability.py::test_chat_response_log_exposes_quality_for_dashboard PASSED [ 36%]
tests/test_cli_windows_encoding.py::WindowsCliEncodingTests::test_help_does_not_crash_when_terminal_uses_cp1258 PASSED [ 40%]
tests/test_dashboard_validator.py::test_repository_dashboard_contract_is_valid PASSED [ 45%]
tests/test_dashboard_validator.py::test_validator_rejects_panel_without_threshold PASSED [ 50%]
tests/test_dashboard_validator.py::test_validator_rejects_panel_without_query_example PASSED [ 54%]
tests/test_metrics.py::test_percentile_basic PASSED                      [ 59%]
tests/test_pii.py::test_scrub_email PASSED                               [ 63%]
tests/test_pii.py::test_scrub_common_vietnamese_phone_formats PASSED     [ 68%]
tests/test_prompt_management.py::test_local_prompt_fallback_keeps_lab_runnable_without_langfuse PASSED [ 72%]
tests/test_prompt_management.py::test_langfuse_prompt_version_and_label_are_resolved PASSED [ 77%]
tests/test_prompt_management.py::test_prompt_fetch_failure_uses_visible_local_fallback PASSED [ 81%]
tests/test_prompt_management.py::test_sdk_fallback_is_not_reported_as_managed_prompt PASSED [ 86%]
tests/test_tracing_adapter.py::TracingAdapterTests::test_adapter_uses_the_installed_langfuse_v3_api PASSED [ 90%]
tests/test_tracing_adapter.py::TracingAdapterTests::test_tracing_is_disabled_without_both_keys PASSED [ 95%]
tests/test_validate_logs.py::test_validator_detects_raw_vietnamese_phone PASSED [100%]

============================== warnings summary ===============================
app\main.py:25
  D:\VINUNI_AI2026\LABS\Day13-K4-2A202601862\app\main.py:25: DeprecationWarning: 
          on_event is deprecated, use lifespan event handlers instead.
  
          Read more about it in the
          [FastAPI docs for Lifespan Events](https://fastapi.tiangolo.com/advanced/events/).
          
    @app.on_event("startup")

.venv\Lib\site-packages\fastapi\applications.py:4574
  D:\VINUNI_AI2026\LABS\Day13-K4-2A202601862\.venv\Lib\site-packages\fastapi\applications.py:4574: DeprecationWarning: 
          on_event is deprecated, use lifespan event handlers instead.
  
          Read more about it in the
          [FastAPI docs for Lifespan Events](https://fastapi.tiangolo.com/advanced/events/).
          
    return self.router.on_event(event_type)

-- Docs: https://docs.pytest.org/en/stable/how-to/capture-warnings.html
======================= 22 passed, 2 warnings in 2.51s ========================
